<?xml version="1.0" encoding="UTF-8" standalone="yes"?><!DOCTYPE report PUBLIC "-//JACOCO//DTD Report 1.0//EN"
    "report.dtd">
<report name="app">
    <sessioninfo id="Shashank-S-R-308d4c3f" start="1565579512414" dump="1565579517756"/>
    <package name="com/example/weather/viewmodel">
        <class name="com/example/weather/viewmodel/WeatherViewModel">
            <method name="getNetworkVO" desc="()Landroidx/lifecycle/LiveData;" line="39">
                <counter type="INSTRUCTION" missed="0" covered="3"/>
                <counter type="LINE" missed="0" covered="1"/>
                <counter type="COMPLEXITY" missed="0" covered="1"/>
                <counter type="METHOD" missed="0" covered="1"/>
            </method>
            <method name="getCurrentVO" desc="()Landroidx/lifecycle/LiveData;" line="40">
                <counter type="INSTRUCTION" missed="0" covered="3"/>
                <counter type="LINE" missed="0" covered="1"/>
                <counter type="COMPLEXITY" missed="0" covered="1"/>
                <counter type="METHOD" missed="0" covered="1"/>
            </method>
            <method name="getForecastVO" desc="()Landroidx/lifecycle/LiveData;" line="41">
                <counter type="INSTRUCTION" missed="0" covered="3"/>
                <counter type="LINE" missed="0" covered="1"/>
                <counter type="COMPLEXITY" missed="0" covered="1"/>
                <counter type="METHOD" missed="0" covered="1"/>
            </method>
            <method name="getForecast" desc="(Ljava/lang/String;)Lio/reactivex/Single;" line="44">
                <counter type="INSTRUCTION" missed="0" covered="17"/>
                <counter type="LINE" missed="0" covered="2"/>
                <counter type="COMPLEXITY" missed="0" covered="1"/>
                <counter type="METHOD" missed="0" covered="1"/>
            </method>
            <method name="onSuccess" desc="(Lcom/example/weather/data/WeatherData;)V" line="49">
                <counter type="INSTRUCTION" missed="0" covered="104"/>
                <counter type="BRANCH" missed="0" covered="2"/>
                <counter type="LINE" missed="0" covered="10"/>
                <counter type="COMPLEXITY" missed="0" covered="2"/>
                <counter type="METHOD" missed="0" covered="1"/>
            </method>
            <method name="onError" desc="()V" line="62">
                <counter type="INSTRUCTION" missed="0" covered="10"/>
                <counter type="LINE" missed="0" covered="2"/>
                <counter type="COMPLEXITY" missed="0" covered="1"/>
                <counter type="METHOD" missed="0" covered="1"/>
            </method>
            <method name="getDayFromDate" desc="(Ljava/lang/String;)Ljava/lang/String;" line="66">
                <counter type="INSTRUCTION" missed="4" covered="23"/>
                <counter type="BRANCH" missed="1" covered="1"/>
                <counter type="LINE" missed="2" covered="3"/>
                <counter type="COMPLEXITY" missed="1" covered="1"/>
                <counter type="METHOD" missed="0" covered="1"/>
            </method>
            <method name="&lt;init&gt;" desc="(Lcom/example/weather/data/WeatherRepository;)V" line="14">
                <counter type="INSTRUCTION" missed="0" covered="62"/>
                <counter type="LINE" missed="0" covered="9"/>
                <counter type="COMPLEXITY" missed="0" covered="1"/>
                <counter type="METHOD" missed="0" covered="1"/>
            </method>
            <counter type="INSTRUCTION" missed="4" covered="225"/>
            <counter type="BRANCH" missed="1" covered="3"/>
            <counter type="LINE" missed="2" covered="26"/>
            <counter type="COMPLEXITY" missed="1" covered="9"/>
            <counter type="METHOD" missed="0" covered="8"/>
            <counter type="CLASS" missed="0" covered="1"/>
        </class>
        <class name="com/example/weather/viewmodel/WeatherViewModel$CurrentViewObject">
            <method name="getCurrentTemp" desc="()Ljava/lang/String;" line="17">
                <counter type="INSTRUCTION" missed="0" covered="3"/>
                <counter type="LINE" missed="0" covered="1"/>
                <counter type="COMPLEXITY" missed="0" covered="1"/>
                <counter type="METHOD" missed="0" covered="1"/>
            </method>
            <method name="getCurrentLocation" desc="()Ljava/lang/String;" line="18">
                <counter type="INSTRUCTION" missed="0" covered="3"/>
                <counter type="LINE" missed="0" covered="1"/>
                <counter type="COMPLEXITY" missed="0" covered="1"/>
                <counter type="METHOD" missed="0" covered="1"/>
            </method>
            <method name="&lt;init&gt;" desc="(Ljava/lang/String;Ljava/lang/String;)V" line="16">
                <counter type="INSTRUCTION" missed="0" covered="15"/>
                <counter type="LINE" missed="0" covered="1"/>
                <counter type="COMPLEXITY" missed="0" covered="1"/>
                <counter type="METHOD" missed="0" covered="1"/>
            </method>
            <method name="component1" desc="()Ljava/lang/String;">
                <counter type="INSTRUCTION" missed="3" covered="0"/>
                <counter type="COMPLEXITY" missed="1" covered="0"/>
                <counter type="METHOD" missed="1" covered="0"/>
            </method>
            <method name="component2" desc="()Ljava/lang/String;">
                <counter type="INSTRUCTION" missed="3" covered="0"/>
                <counter type="COMPLEXITY" missed="1" covered="0"/>
                <counter type="METHOD" missed="1" covered="0"/>
            </method>
            <method name="copy"
                    desc="(Ljava/lang/String;Ljava/lang/String;)Lcom/example/weather/viewmodel/WeatherViewModel$CurrentViewObject;">
                <counter type="INSTRUCTION" missed="12" covered="0"/>
                <counter type="COMPLEXITY" missed="1" covered="0"/>
                <counter type="METHOD" missed="1" covered="0"/>
            </method>
            <method name="toString" desc="()Ljava/lang/String;">
                <counter type="INSTRUCTION" missed="17" covered="0"/>
                <counter type="COMPLEXITY" missed="1" covered="0"/>
                <counter type="METHOD" missed="1" covered="0"/>
            </method>
            <method name="hashCode" desc="()I">
                <counter type="INSTRUCTION" missed="20" covered="0"/>
                <counter type="BRANCH" missed="4" covered="0"/>
                <counter type="COMPLEXITY" missed="3" covered="0"/>
                <counter type="METHOD" missed="1" covered="0"/>
            </method>
            <method name="equals" desc="(Ljava/lang/Object;)Z">
                <counter type="INSTRUCTION" missed="25" covered="0"/>
                <counter type="BRANCH" missed="8" covered="0"/>
                <counter type="COMPLEXITY" missed="5" covered="0"/>
                <counter type="METHOD" missed="1" covered="0"/>
            </method>
            <counter type="INSTRUCTION" missed="80" covered="21"/>
            <counter type="BRANCH" missed="12" covered="0"/>
            <counter type="LINE" missed="0" covered="3"/>
            <counter type="COMPLEXITY" missed="12" covered="3"/>
            <counter type="METHOD" missed="6" covered="3"/>
            <counter type="CLASS" missed="0" covered="1"/>
        </class>
        <class name="com/example/weather/viewmodel/WeatherViewModel$ForecastViewObject">
            <method name="getTemp" desc="()Ljava/lang/String;" line="22">
                <counter type="INSTRUCTION" missed="3" covered="0"/>
                <counter type="LINE" missed="1" covered="0"/>
                <counter type="COMPLEXITY" missed="1" covered="0"/>
                <counter type="METHOD" missed="1" covered="0"/>
            </method>
            <method name="getDay" desc="()Ljava/lang/String;" line="23">
                <counter type="INSTRUCTION" missed="3" covered="0"/>
                <counter type="LINE" missed="1" covered="0"/>
                <counter type="COMPLEXITY" missed="1" covered="0"/>
                <counter type="METHOD" missed="1" covered="0"/>
            </method>
            <method name="&lt;init&gt;" desc="(Ljava/lang/String;Ljava/lang/String;)V" line="21">
                <counter type="INSTRUCTION" missed="0" covered="15"/>
                <counter type="LINE" missed="0" covered="1"/>
                <counter type="COMPLEXITY" missed="0" covered="1"/>
                <counter type="METHOD" missed="0" covered="1"/>
            </method>
            <method name="component1" desc="()Ljava/lang/String;">
                <counter type="INSTRUCTION" missed="3" covered="0"/>
                <counter type="COMPLEXITY" missed="1" covered="0"/>
                <counter type="METHOD" missed="1" covered="0"/>
            </method>
            <method name="component2" desc="()Ljava/lang/String;">
                <counter type="INSTRUCTION" missed="3" covered="0"/>
                <counter type="COMPLEXITY" missed="1" covered="0"/>
                <counter type="METHOD" missed="1" covered="0"/>
            </method>
            <method name="copy"
                    desc="(Ljava/lang/String;Ljava/lang/String;)Lcom/example/weather/viewmodel/WeatherViewModel$ForecastViewObject;">
                <counter type="INSTRUCTION" missed="12" covered="0"/>
                <counter type="COMPLEXITY" missed="1" covered="0"/>
                <counter type="METHOD" missed="1" covered="0"/>
            </method>
            <method name="toString" desc="()Ljava/lang/String;">
                <counter type="INSTRUCTION" missed="17" covered="0"/>
                <counter type="COMPLEXITY" missed="1" covered="0"/>
                <counter type="METHOD" missed="1" covered="0"/>
            </method>
            <method name="hashCode" desc="()I">
                <counter type="INSTRUCTION" missed="20" covered="0"/>
                <counter type="BRANCH" missed="4" covered="0"/>
                <counter type="COMPLEXITY" missed="3" covered="0"/>
                <counter type="METHOD" missed="1" covered="0"/>
            </method>
            <method name="equals" desc="(Ljava/lang/Object;)Z">
                <counter type="INSTRUCTION" missed="2" covered="23"/>
                <counter type="BRANCH" missed="4" covered="4"/>
                <counter type="COMPLEXITY" missed="4" covered="1"/>
                <counter type="METHOD" missed="0" covered="1"/>
            </method>
            <counter type="INSTRUCTION" missed="63" covered="38"/>
            <counter type="BRANCH" missed="8" covered="4"/>
            <counter type="LINE" missed="2" covered="1"/>
            <counter type="COMPLEXITY" missed="13" covered="2"/>
            <counter type="METHOD" missed="7" covered="2"/>
            <counter type="CLASS" missed="0" covered="1"/>
        </class>
        <class name="com/example/weather/viewmodel/WeatherViewModel$NetworkViewObject">
            <method name="getShowLoader" desc="()I" line="27">
                <counter type="INSTRUCTION" missed="0" covered="3"/>
                <counter type="LINE" missed="0" covered="1"/>
                <counter type="COMPLEXITY" missed="0" covered="1"/>
                <counter type="METHOD" missed="0" covered="1"/>
            </method>
            <method name="getShowError" desc="()I" line="28">
                <counter type="INSTRUCTION" missed="0" covered="3"/>
                <counter type="LINE" missed="0" covered="1"/>
                <counter type="COMPLEXITY" missed="0" covered="1"/>
                <counter type="METHOD" missed="0" covered="1"/>
            </method>
            <method name="getShowSuccess" desc="()I" line="29">
                <counter type="INSTRUCTION" missed="0" covered="3"/>
                <counter type="LINE" missed="0" covered="1"/>
                <counter type="COMPLEXITY" missed="0" covered="1"/>
                <counter type="METHOD" missed="0" covered="1"/>
            </method>
            <method name="&lt;init&gt;" desc="(III)V" line="26">
                <counter type="INSTRUCTION" missed="0" covered="12"/>
                <counter type="LINE" missed="0" covered="1"/>
                <counter type="COMPLEXITY" missed="0" covered="1"/>
                <counter type="METHOD" missed="0" covered="1"/>
            </method>
            <method name="component1" desc="()I">
                <counter type="INSTRUCTION" missed="3" covered="0"/>
                <counter type="COMPLEXITY" missed="1" covered="0"/>
                <counter type="METHOD" missed="1" covered="0"/>
            </method>
            <method name="component2" desc="()I">
                <counter type="INSTRUCTION" missed="3" covered="0"/>
                <counter type="COMPLEXITY" missed="1" covered="0"/>
                <counter type="METHOD" missed="1" covered="0"/>
            </method>
            <method name="component3" desc="()I">
                <counter type="INSTRUCTION" missed="3" covered="0"/>
                <counter type="COMPLEXITY" missed="1" covered="0"/>
                <counter type="METHOD" missed="1" covered="0"/>
            </method>
            <method name="copy" desc="(III)Lcom/example/weather/viewmodel/WeatherViewModel$NetworkViewObject;">
                <counter type="INSTRUCTION" missed="7" covered="0"/>
                <counter type="COMPLEXITY" missed="1" covered="0"/>
                <counter type="METHOD" missed="1" covered="0"/>
            </method>
            <method name="toString" desc="()Ljava/lang/String;">
                <counter type="INSTRUCTION" missed="22" covered="0"/>
                <counter type="COMPLEXITY" missed="1" covered="0"/>
                <counter type="METHOD" missed="1" covered="0"/>
            </method>
            <method name="hashCode" desc="()I">
                <counter type="INSTRUCTION" missed="13" covered="0"/>
                <counter type="COMPLEXITY" missed="1" covered="0"/>
                <counter type="METHOD" missed="1" covered="0"/>
            </method>
            <method name="equals" desc="(Ljava/lang/Object;)Z">
                <counter type="INSTRUCTION" missed="40" covered="0"/>
                <counter type="BRANCH" missed="16" covered="0"/>
                <counter type="COMPLEXITY" missed="9" covered="0"/>
                <counter type="METHOD" missed="1" covered="0"/>
            </method>
            <counter type="INSTRUCTION" missed="91" covered="21"/>
            <counter type="BRANCH" missed="16" covered="0"/>
            <counter type="LINE" missed="0" covered="4"/>
            <counter type="COMPLEXITY" missed="15" covered="4"/>
            <counter type="METHOD" missed="7" covered="4"/>
            <counter type="CLASS" missed="0" covered="1"/>
        </class>
        <sourcefile name="WeatherViewModel.kt">
            <line nr="14" mi="0" ci="5" mb="0" cb="0"/>
            <line nr="16" mi="0" ci="9" mb="0" cb="0"/>
            <line nr="17" mi="0" ci="3" mb="0" cb="0"/>
            <line nr="18" mi="0" ci="3" mb="0" cb="0"/>
            <line nr="21" mi="0" ci="9" mb="0" cb="0"/>
            <line nr="22" mi="3" ci="0" mb="0" cb="0"/>
            <line nr="23" mi="3" ci="0" mb="0" cb="0"/>
            <line nr="26" mi="0" ci="12" mb="0" cb="0"/>
            <line nr="27" mi="0" ci="3" mb="0" cb="0"/>
            <line nr="28" mi="0" ci="3" mb="0" cb="0"/>
            <line nr="29" mi="0" ci="3" mb="0" cb="0"/>
            <line nr="32" mi="0" ci="19" mb="0" cb="0"/>
            <line nr="33" mi="0" ci="8" mb="0" cb="0"/>
            <line nr="34" mi="0" ci="1" mb="0" cb="0"/>
            <line nr="36" mi="0" ci="5" mb="0" cb="0"/>
            <line nr="37" mi="0" ci="5" mb="0" cb="0"/>
            <line nr="39" mi="0" ci="8" mb="0" cb="0"/>
            <line nr="40" mi="0" ci="8" mb="0" cb="0"/>
            <line nr="41" mi="0" ci="9" mb="0" cb="0"/>
            <line nr="44" mi="0" ci="9" mb="0" cb="0"/>
            <line nr="45" mi="0" ci="5" mb="0" cb="0"/>
            <line nr="49" mi="0" ci="6" mb="0" cb="0"/>
            <line nr="50" mi="0" ci="14" mb="0" cb="0"/>
            <line nr="53" mi="0" ci="13" mb="0" cb="0"/>
            <line nr="54" mi="0" ci="23" mb="0" cb="0"/>
            <line nr="57" mi="0" ci="9" mb="0" cb="0"/>
            <line nr="59" mi="0" ci="1" mb="0" cb="0"/>
            <line nr="62" mi="0" ci="9" mb="0" cb="0"/>
            <line nr="63" mi="0" ci="1" mb="0" cb="0"/>
            <line nr="66" mi="0" ci="3" mb="0" cb="0"/>
            <line nr="67" mi="0" ci="11" mb="0" cb="0"/>
            <line nr="68" mi="1" ci="9" mb="1" cb="1"/>
            <line nr="70" mi="1" ci="0" mb="0" cb="0"/>
            <line nr="71" mi="2" ci="0" mb="0" cb="0"/>
            <line nr="75" mi="0" ci="12" mb="0" cb="0"/>
            <line nr="76" mi="0" ci="10" mb="0" cb="2"/>
            <line nr="77" mi="0" ci="7" mb="0" cb="0"/>
            <line nr="78" mi="0" ci="6" mb="0" cb="0"/>
            <counter type="INSTRUCTION" missed="238" covered="305"/>
            <counter type="BRANCH" missed="37" covered="7"/>
            <counter type="LINE" missed="4" covered="34"/>
            <counter type="COMPLEXITY" missed="41" covered="18"/>
            <counter type="METHOD" missed="20" covered="17"/>
            <counter type="CLASS" missed="0" covered="4"/>
        </sourcefile>
        <counter type="INSTRUCTION" missed="238" covered="305"/>
        <counter type="BRANCH" missed="37" covered="7"/>
        <counter type="LINE" missed="4" covered="34"/>
        <counter type="COMPLEXITY" missed="41" covered="18"/>
        <counter type="METHOD" missed="20" covered="17"/>
        <counter type="CLASS" missed="0" covered="4"/>
    </package>
    <package name="com/example/weather/di">
        <class name="com/example/weather/di/WeatherModule">
            <method name="&lt;init&gt;" desc="()V" line="16">
                <counter type="INSTRUCTION" missed="3" covered="0"/>
                <counter type="LINE" missed="1" covered="0"/>
                <counter type="COMPLEXITY" missed="1" covered="0"/>
                <counter type="METHOD" missed="1" covered="0"/>
            </method>
            <method name="&lt;clinit&gt;" desc="()V">
                <counter type="INSTRUCTION" missed="6" covered="0"/>
                <counter type="COMPLEXITY" missed="1" covered="0"/>
                <counter type="METHOD" missed="1" covered="0"/>
            </method>
            <method name="providesMedicineApi" desc="(Lretrofit2/Retrofit;)Lcom/example/weather/data/WeatherApi;">
                <counter type="INSTRUCTION" missed="4" covered="0"/>
                <counter type="COMPLEXITY" missed="1" covered="0"/>
                <counter type="METHOD" missed="1" covered="0"/>
            </method>
            <counter type="INSTRUCTION" missed="13" covered="0"/>
            <counter type="LINE" missed="1" covered="0"/>
            <counter type="COMPLEXITY" missed="3" covered="0"/>
            <counter type="METHOD" missed="3" covered="0"/>
            <counter type="CLASS" missed="1" covered="0"/>
        </class>
        <class name="com/example/weather/di/WeatherModule$Companion">
            <method name="providesMedicineApi" desc="(Lretrofit2/Retrofit;)Lcom/example/weather/data/WeatherApi;"
                    line="26">
                <counter type="INSTRUCTION" missed="11" covered="0"/>
                <counter type="LINE" missed="1" covered="0"/>
                <counter type="COMPLEXITY" missed="1" covered="0"/>
                <counter type="METHOD" missed="1" covered="0"/>
            </method>
            <counter type="INSTRUCTION" missed="11" covered="0"/>
            <counter type="LINE" missed="1" covered="0"/>
            <counter type="COMPLEXITY" missed="1" covered="0"/>
            <counter type="METHOD" missed="1" covered="0"/>
            <counter type="CLASS" missed="1" covered="0"/>
        </class>
        <class name="com/example/weather/di/ViewModelModule">
            <method name="&lt;init&gt;" desc="()V" line="9">
                <counter type="INSTRUCTION" missed="3" covered="0"/>
                <counter type="LINE" missed="1" covered="0"/>
                <counter type="COMPLEXITY" missed="1" covered="0"/>
                <counter type="METHOD" missed="1" covered="0"/>
            </method>
            <counter type="INSTRUCTION" missed="3" covered="0"/>
            <counter type="LINE" missed="1" covered="0"/>
            <counter type="COMPLEXITY" missed="1" covered="0"/>
            <counter type="METHOD" missed="1" covered="0"/>
            <counter type="CLASS" missed="1" covered="0"/>
        </class>
        <class name="com/example/weather/di/NetworkModule$Companion">
            <method name="provideOkHttpBase$app_debug" desc="()Lokhttp3/OkHttpClient;" line="23">
                <counter type="INSTRUCTION" missed="8" covered="0"/>
                <counter type="LINE" missed="1" covered="0"/>
                <counter type="COMPLEXITY" missed="1" covered="0"/>
                <counter type="METHOD" missed="1" covered="0"/>
            </method>
            <method name="providesGsonFactory" desc="()Lretrofit2/Converter$Factory;" line="29">
                <counter type="INSTRUCTION" missed="6" covered="0"/>
                <counter type="LINE" missed="1" covered="0"/>
                <counter type="COMPLEXITY" missed="1" covered="0"/>
                <counter type="METHOD" missed="1" covered="0"/>
            </method>
            <method name="providesCallAdapterFactory" desc="()Lretrofit2/CallAdapter$Factory;" line="35">
                <counter type="INSTRUCTION" missed="7" covered="0"/>
                <counter type="LINE" missed="1" covered="0"/>
                <counter type="COMPLEXITY" missed="1" covered="0"/>
                <counter type="METHOD" missed="1" covered="0"/>
            </method>
            <method name="providePlusRetrofitClient"
                    desc="(Lokhttp3/OkHttpClient;Lretrofit2/Converter$Factory;Lretrofit2/CallAdapter$Factory;Ljava/lang/String;)Lretrofit2/Retrofit;"
                    line="47">
                <counter type="INSTRUCTION" missed="28" covered="0"/>
                <counter type="LINE" missed="6" covered="0"/>
                <counter type="COMPLEXITY" missed="1" covered="0"/>
                <counter type="METHOD" missed="1" covered="0"/>
            </method>
            <counter type="INSTRUCTION" missed="49" covered="0"/>
            <counter type="LINE" missed="9" covered="0"/>
            <counter type="COMPLEXITY" missed="4" covered="0"/>
            <counter type="METHOD" missed="4" covered="0"/>
            <counter type="CLASS" missed="1" covered="0"/>
        </class>
        <class name="com/example/weather/di/NetworkModule">
            <method name="&lt;init&gt;" desc="()V" line="16">
                <counter type="INSTRUCTION" missed="3" covered="0"/>
                <counter type="LINE" missed="1" covered="0"/>
                <counter type="COMPLEXITY" missed="1" covered="0"/>
                <counter type="METHOD" missed="1" covered="0"/>
            </method>
            <method name="&lt;clinit&gt;" desc="()V">
                <counter type="INSTRUCTION" missed="6" covered="0"/>
                <counter type="COMPLEXITY" missed="1" covered="0"/>
                <counter type="METHOD" missed="1" covered="0"/>
            </method>
            <method name="provideOkHttpBase$app_debug" desc="()Lokhttp3/OkHttpClient;">
                <counter type="INSTRUCTION" missed="3" covered="0"/>
                <counter type="COMPLEXITY" missed="1" covered="0"/>
                <counter type="METHOD" missed="1" covered="0"/>
            </method>
            <method name="providesGsonFactory" desc="()Lretrofit2/Converter$Factory;">
                <counter type="INSTRUCTION" missed="3" covered="0"/>
                <counter type="COMPLEXITY" missed="1" covered="0"/>
                <counter type="METHOD" missed="1" covered="0"/>
            </method>
            <method name="providesCallAdapterFactory" desc="()Lretrofit2/CallAdapter$Factory;">
                <counter type="INSTRUCTION" missed="3" covered="0"/>
                <counter type="COMPLEXITY" missed="1" covered="0"/>
                <counter type="METHOD" missed="1" covered="0"/>
            </method>
            <method name="providePlusRetrofitClient"
                    desc="(Lokhttp3/OkHttpClient;Lretrofit2/Converter$Factory;Lretrofit2/CallAdapter$Factory;Ljava/lang/String;)Lretrofit2/Retrofit;">
                <counter type="INSTRUCTION" missed="7" covered="0"/>
                <counter type="COMPLEXITY" missed="1" covered="0"/>
                <counter type="METHOD" missed="1" covered="0"/>
            </method>
            <counter type="INSTRUCTION" missed="25" covered="0"/>
            <counter type="LINE" missed="1" covered="0"/>
            <counter type="COMPLEXITY" missed="6" covered="0"/>
            <counter type="METHOD" missed="6" covered="0"/>
            <counter type="CLASS" missed="1" covered="0"/>
        </class>
        <sourcefile name="ViewModelModule.kt">
            <line nr="9" mi="3" ci="0" mb="0" cb="0"/>
            <counter type="INSTRUCTION" missed="3" covered="0"/>
            <counter type="LINE" missed="1" covered="0"/>
            <counter type="COMPLEXITY" missed="1" covered="0"/>
            <counter type="METHOD" missed="1" covered="0"/>
            <counter type="CLASS" missed="1" covered="0"/>
        </sourcefile>
        <sourcefile name="WeatherModule.kt">
            <line nr="16" mi="3" ci="0" mb="0" cb="0"/>
            <line nr="26" mi="8" ci="0" mb="0" cb="0"/>
            <counter type="INSTRUCTION" missed="24" covered="0"/>
            <counter type="LINE" missed="2" covered="0"/>
            <counter type="COMPLEXITY" missed="4" covered="0"/>
            <counter type="METHOD" missed="4" covered="0"/>
            <counter type="CLASS" missed="2" covered="0"/>
        </sourcefile>
        <sourcefile name="NetworkModule.kt">
            <line nr="16" mi="3" ci="0" mb="0" cb="0"/>
            <line nr="23" mi="8" ci="0" mb="0" cb="0"/>
            <line nr="29" mi="6" ci="0" mb="0" cb="0"/>
            <line nr="35" mi="7" ci="0" mb="0" cb="0"/>
            <line nr="47" mi="3" ci="0" mb="0" cb="0"/>
            <line nr="48" mi="2" ci="0" mb="0" cb="0"/>
            <line nr="49" mi="2" ci="0" mb="0" cb="0"/>
            <line nr="50" mi="2" ci="0" mb="0" cb="0"/>
            <line nr="51" mi="2" ci="0" mb="0" cb="0"/>
            <line nr="52" mi="5" ci="0" mb="0" cb="0"/>
            <counter type="INSTRUCTION" missed="74" covered="0"/>
            <counter type="LINE" missed="10" covered="0"/>
            <counter type="COMPLEXITY" missed="10" covered="0"/>
            <counter type="METHOD" missed="10" covered="0"/>
            <counter type="CLASS" missed="2" covered="0"/>
        </sourcefile>
        <counter type="INSTRUCTION" missed="101" covered="0"/>
        <counter type="LINE" missed="13" covered="0"/>
        <counter type="COMPLEXITY" missed="15" covered="0"/>
        <counter type="METHOD" missed="15" covered="0"/>
        <counter type="CLASS" missed="5" covered="0"/>
    </package>
    <package name="com/example/weather">
        <class name="com/example/weather/WeatherApplication">
            <method name="getActivityInjector" desc="()Ldagger/android/DispatchingAndroidInjector;" line="15">
                <counter type="INSTRUCTION" missed="7" covered="0"/>
                <counter type="BRANCH" missed="2" covered="0"/>
                <counter type="LINE" missed="1" covered="0"/>
                <counter type="COMPLEXITY" missed="2" covered="0"/>
                <counter type="METHOD" missed="1" covered="0"/>
            </method>
            <method name="setActivityInjector" desc="(Ldagger/android/DispatchingAndroidInjector;)V" line="15">
                <counter type="INSTRUCTION" missed="7" covered="0"/>
                <counter type="LINE" missed="1" covered="0"/>
                <counter type="COMPLEXITY" missed="1" covered="0"/>
                <counter type="METHOD" missed="1" covered="0"/>
            </method>
            <method name="activityInjector" desc="()Ldagger/android/AndroidInjector;" line="17">
                <counter type="INSTRUCTION" missed="8" covered="0"/>
                <counter type="BRANCH" missed="2" covered="0"/>
                <counter type="LINE" missed="1" covered="0"/>
                <counter type="COMPLEXITY" missed="2" covered="0"/>
                <counter type="METHOD" missed="1" covered="0"/>
            </method>
            <method name="onCreate" desc="()V" line="22">
                <counter type="INSTRUCTION" missed="7" covered="0"/>
                <counter type="LINE" missed="3" covered="0"/>
                <counter type="COMPLEXITY" missed="1" covered="0"/>
                <counter type="METHOD" missed="1" covered="0"/>
            </method>
            <method name="getComponent" desc="()Lcom/example/weather/di/AppComponent;" line="27">
                <counter type="INSTRUCTION" missed="19" covered="0"/>
                <counter type="BRANCH" missed="4" covered="0"/>
                <counter type="LINE" missed="6" covered="0"/>
                <counter type="COMPLEXITY" missed="3" covered="0"/>
                <counter type="METHOD" missed="1" covered="0"/>
            </method>
            <method name="&lt;init&gt;" desc="()V" line="12">
                <counter type="INSTRUCTION" missed="3" covered="0"/>
                <counter type="LINE" missed="1" covered="0"/>
                <counter type="COMPLEXITY" missed="1" covered="0"/>
                <counter type="METHOD" missed="1" covered="0"/>
            </method>
            <counter type="INSTRUCTION" missed="51" covered="0"/>
            <counter type="BRANCH" missed="8" covered="0"/>
            <counter type="LINE" missed="12" covered="0"/>
            <counter type="COMPLEXITY" missed="10" covered="0"/>
            <counter type="METHOD" missed="6" covered="0"/>
            <counter type="CLASS" missed="1" covered="0"/>
        </class>
        <class name="com/example/weather/WeatherApplication$getComponent$1">
            <method name="&lt;init&gt;" desc="(Lcom/example/weather/WeatherApplication;)V">
                <counter type="INSTRUCTION" missed="4" covered="0"/>
                <counter type="COMPLEXITY" missed="1" covered="0"/>
                <counter type="METHOD" missed="1" covered="0"/>
            </method>
            <method name="getName" desc="()Ljava/lang/String;">
                <counter type="INSTRUCTION" missed="2" covered="0"/>
                <counter type="COMPLEXITY" missed="1" covered="0"/>
                <counter type="METHOD" missed="1" covered="0"/>
            </method>
            <method name="getSignature" desc="()Ljava/lang/String;">
                <counter type="INSTRUCTION" missed="2" covered="0"/>
                <counter type="COMPLEXITY" missed="1" covered="0"/>
                <counter type="METHOD" missed="1" covered="0"/>
            </method>
            <method name="getOwner" desc="()Lkotlin/reflect/KDeclarationContainer;">
                <counter type="INSTRUCTION" missed="3" covered="0"/>
                <counter type="COMPLEXITY" missed="1" covered="0"/>
                <counter type="METHOD" missed="1" covered="0"/>
            </method>
            <method name="get" desc="()Ljava/lang/Object;" line="27">
                <counter type="INSTRUCTION" missed="5" covered="0"/>
                <counter type="LINE" missed="1" covered="0"/>
                <counter type="COMPLEXITY" missed="1" covered="0"/>
                <counter type="METHOD" missed="1" covered="0"/>
            </method>
            <method name="set" desc="(Ljava/lang/Object;)V" line="27">
                <counter type="INSTRUCTION" missed="7" covered="0"/>
                <counter type="LINE" missed="1" covered="0"/>
                <counter type="COMPLEXITY" missed="1" covered="0"/>
                <counter type="METHOD" missed="1" covered="0"/>
            </method>
            <counter type="INSTRUCTION" missed="23" covered="0"/>
            <counter type="LINE" missed="1" covered="0"/>
            <counter type="COMPLEXITY" missed="6" covered="0"/>
            <counter type="METHOD" missed="6" covered="0"/>
            <counter type="CLASS" missed="1" covered="0"/>
        </class>
        <sourcefile name="WeatherApplication.kt">
            <line nr="12" mi="3" ci="0" mb="0" cb="0"/>
            <line nr="15" mi="11" ci="0" mb="2" cb="0"/>
            <line nr="17" mi="8" ci="0" mb="2" cb="0"/>
            <line nr="22" mi="2" ci="0" mb="0" cb="0"/>
            <line nr="23" mi="4" ci="0" mb="0" cb="0"/>
            <line nr="24" mi="1" ci="0" mb="0" cb="0"/>
            <line nr="27" mi="10" ci="0" mb="2" cb="0"/>
            <line nr="28" mi="1" ci="0" mb="0" cb="0"/>
            <line nr="29" mi="2" ci="0" mb="0" cb="0"/>
            <line nr="30" mi="2" ci="0" mb="0" cb="0"/>
            <line nr="31" mi="3" ci="0" mb="0" cb="0"/>
            <line nr="33" mi="7" ci="0" mb="2" cb="0"/>
            <counter type="INSTRUCTION" missed="74" covered="0"/>
            <counter type="BRANCH" missed="8" covered="0"/>
            <counter type="LINE" missed="12" covered="0"/>
            <counter type="COMPLEXITY" missed="16" covered="0"/>
            <counter type="METHOD" missed="12" covered="0"/>
            <counter type="CLASS" missed="2" covered="0"/>
        </sourcefile>
        <counter type="INSTRUCTION" missed="74" covered="0"/>
        <counter type="BRANCH" missed="8" covered="0"/>
        <counter type="LINE" missed="12" covered="0"/>
        <counter type="COMPLEXITY" missed="16" covered="0"/>
        <counter type="METHOD" missed="12" covered="0"/>
        <counter type="CLASS" missed="2" covered="0"/>
    </package>
    <package name="com/example/weather/data">
        <class name="com/example/weather/data/WeatherData$Forecast">
            <method name="getForecastDay" desc="()Ljava/util/List;" line="30">
                <counter type="INSTRUCTION" missed="0" covered="3"/>
                <counter type="LINE" missed="0" covered="1"/>
                <counter type="COMPLEXITY" missed="0" covered="1"/>
                <counter type="METHOD" missed="0" covered="1"/>
            </method>
            <method name="&lt;init&gt;" desc="(Ljava/util/List;)V" line="28">
                <counter type="INSTRUCTION" missed="9" covered="0"/>
                <counter type="LINE" missed="1" covered="0"/>
                <counter type="COMPLEXITY" missed="1" covered="0"/>
                <counter type="METHOD" missed="1" covered="0"/>
            </method>
            <method name="component1" desc="()Ljava/util/List;">
                <counter type="INSTRUCTION" missed="3" covered="0"/>
                <counter type="COMPLEXITY" missed="1" covered="0"/>
                <counter type="METHOD" missed="1" covered="0"/>
            </method>
            <method name="copy" desc="(Ljava/util/List;)Lcom/example/weather/data/WeatherData$Forecast;">
                <counter type="INSTRUCTION" missed="8" covered="0"/>
                <counter type="COMPLEXITY" missed="1" covered="0"/>
                <counter type="METHOD" missed="1" covered="0"/>
            </method>
            <method name="toString" desc="()Ljava/lang/String;">
                <counter type="INSTRUCTION" missed="12" covered="0"/>
                <counter type="COMPLEXITY" missed="1" covered="0"/>
                <counter type="METHOD" missed="1" covered="0"/>
            </method>
            <method name="hashCode" desc="()I">
                <counter type="INSTRUCTION" missed="9" covered="0"/>
                <counter type="BRANCH" missed="2" covered="0"/>
                <counter type="COMPLEXITY" missed="2" covered="0"/>
                <counter type="METHOD" missed="1" covered="0"/>
            </method>
            <method name="equals" desc="(Ljava/lang/Object;)Z">
                <counter type="INSTRUCTION" missed="19" covered="0"/>
                <counter type="BRANCH" missed="6" covered="0"/>
                <counter type="COMPLEXITY" missed="4" covered="0"/>
                <counter type="METHOD" missed="1" covered="0"/>
            </method>
            <counter type="INSTRUCTION" missed="60" covered="3"/>
            <counter type="BRANCH" missed="8" covered="0"/>
            <counter type="LINE" missed="1" covered="1"/>
            <counter type="COMPLEXITY" missed="10" covered="1"/>
            <counter type="METHOD" missed="6" covered="1"/>
            <counter type="CLASS" missed="0" covered="1"/>
        </class>
        <class name="com/example/weather/data/WeatherData$Location">
            <method name="getLatitude" desc="()D" line="16">
                <counter type="INSTRUCTION" missed="3" covered="0"/>
                <counter type="LINE" missed="1" covered="0"/>
                <counter type="COMPLEXITY" missed="1" covered="0"/>
                <counter type="METHOD" missed="1" covered="0"/>
            </method>
            <method name="getLocaltime" desc="()Ljava/lang/String;" line="18">
                <counter type="INSTRUCTION" missed="3" covered="0"/>
                <counter type="LINE" missed="1" covered="0"/>
                <counter type="COMPLEXITY" missed="1" covered="0"/>
                <counter type="METHOD" missed="1" covered="0"/>
            </method>
            <method name="getLongitude" desc="()D" line="20">
                <counter type="INSTRUCTION" missed="3" covered="0"/>
                <counter type="LINE" missed="1" covered="0"/>
                <counter type="COMPLEXITY" missed="1" covered="0"/>
                <counter type="METHOD" missed="1" covered="0"/>
            </method>
            <method name="getName" desc="()Ljava/lang/String;" line="22">
                <counter type="INSTRUCTION" missed="0" covered="3"/>
                <counter type="LINE" missed="0" covered="1"/>
                <counter type="COMPLEXITY" missed="0" covered="1"/>
                <counter type="METHOD" missed="0" covered="1"/>
            </method>
            <method name="getTzId" desc="()Ljava/lang/String;" line="24">
                <counter type="INSTRUCTION" missed="3" covered="0"/>
                <counter type="LINE" missed="1" covered="0"/>
                <counter type="COMPLEXITY" missed="1" covered="0"/>
                <counter type="METHOD" missed="1" covered="0"/>
            </method>
            <method name="&lt;init&gt;" desc="(DLjava/lang/String;DLjava/lang/String;Ljava/lang/String;)V" line="14">
                <counter type="INSTRUCTION" missed="27" covered="0"/>
                <counter type="LINE" missed="1" covered="0"/>
                <counter type="COMPLEXITY" missed="1" covered="0"/>
                <counter type="METHOD" missed="1" covered="0"/>
            </method>
            <method name="component1" desc="()D">
                <counter type="INSTRUCTION" missed="3" covered="0"/>
                <counter type="COMPLEXITY" missed="1" covered="0"/>
                <counter type="METHOD" missed="1" covered="0"/>
            </method>
            <method name="component2" desc="()Ljava/lang/String;">
                <counter type="INSTRUCTION" missed="3" covered="0"/>
                <counter type="COMPLEXITY" missed="1" covered="0"/>
                <counter type="METHOD" missed="1" covered="0"/>
            </method>
            <method name="component3" desc="()D">
                <counter type="INSTRUCTION" missed="3" covered="0"/>
                <counter type="COMPLEXITY" missed="1" covered="0"/>
                <counter type="METHOD" missed="1" covered="0"/>
            </method>
            <method name="component4" desc="()Ljava/lang/String;">
                <counter type="INSTRUCTION" missed="3" covered="0"/>
                <counter type="COMPLEXITY" missed="1" covered="0"/>
                <counter type="METHOD" missed="1" covered="0"/>
            </method>
            <method name="component5" desc="()Ljava/lang/String;">
                <counter type="INSTRUCTION" missed="3" covered="0"/>
                <counter type="COMPLEXITY" missed="1" covered="0"/>
                <counter type="METHOD" missed="1" covered="0"/>
            </method>
            <method name="copy"
                    desc="(DLjava/lang/String;DLjava/lang/String;Ljava/lang/String;)Lcom/example/weather/data/WeatherData$Location;">
                <counter type="INSTRUCTION" missed="18" covered="0"/>
                <counter type="COMPLEXITY" missed="1" covered="0"/>
                <counter type="METHOD" missed="1" covered="0"/>
            </method>
            <method name="toString" desc="()Ljava/lang/String;">
                <counter type="INSTRUCTION" missed="32" covered="0"/>
                <counter type="COMPLEXITY" missed="1" covered="0"/>
                <counter type="METHOD" missed="1" covered="0"/>
            </method>
            <method name="hashCode" desc="()I">
                <counter type="INSTRUCTION" missed="53" covered="0"/>
                <counter type="BRANCH" missed="6" covered="0"/>
                <counter type="COMPLEXITY" missed="4" covered="0"/>
                <counter type="METHOD" missed="1" covered="0"/>
            </method>
            <method name="equals" desc="(Ljava/lang/Object;)Z">
                <counter type="INSTRUCTION" missed="43" covered="0"/>
                <counter type="BRANCH" missed="14" covered="0"/>
                <counter type="COMPLEXITY" missed="8" covered="0"/>
                <counter type="METHOD" missed="1" covered="0"/>
            </method>
            <counter type="INSTRUCTION" missed="200" covered="3"/>
            <counter type="BRANCH" missed="20" covered="0"/>
            <counter type="LINE" missed="5" covered="1"/>
            <counter type="COMPLEXITY" missed="24" covered="1"/>
            <counter type="METHOD" missed="14" covered="1"/>
            <counter type="CLASS" missed="0" covered="1"/>
        </class>
        <class name="com/example/weather/data/WeatherData$Forecast$Forecastday">
            <method name="getDate" desc="()Ljava/lang/String;" line="35">
                <counter type="INSTRUCTION" missed="0" covered="3"/>
                <counter type="LINE" missed="0" covered="1"/>
                <counter type="COMPLEXITY" missed="0" covered="1"/>
                <counter type="METHOD" missed="0" covered="1"/>
            </method>
            <method name="getDay" desc="()Lcom/example/weather/data/WeatherData$Day;" line="37">
                <counter type="INSTRUCTION" missed="0" covered="3"/>
                <counter type="LINE" missed="0" covered="1"/>
                <counter type="COMPLEXITY" missed="0" covered="1"/>
                <counter type="METHOD" missed="0" covered="1"/>
            </method>
            <method name="&lt;init&gt;" desc="(Ljava/lang/String;Lcom/example/weather/data/WeatherData$Day;)V"
                    line="33">
                <counter type="INSTRUCTION" missed="15" covered="0"/>
                <counter type="LINE" missed="1" covered="0"/>
                <counter type="COMPLEXITY" missed="1" covered="0"/>
                <counter type="METHOD" missed="1" covered="0"/>
            </method>
            <method name="component1" desc="()Ljava/lang/String;">
                <counter type="INSTRUCTION" missed="3" covered="0"/>
                <counter type="COMPLEXITY" missed="1" covered="0"/>
                <counter type="METHOD" missed="1" covered="0"/>
            </method>
            <method name="component2" desc="()Lcom/example/weather/data/WeatherData$Day;">
                <counter type="INSTRUCTION" missed="3" covered="0"/>
                <counter type="COMPLEXITY" missed="1" covered="0"/>
                <counter type="METHOD" missed="1" covered="0"/>
            </method>
            <method name="copy"
                    desc="(Ljava/lang/String;Lcom/example/weather/data/WeatherData$Day;)Lcom/example/weather/data/WeatherData$Forecast$Forecastday;">
                <counter type="INSTRUCTION" missed="12" covered="0"/>
                <counter type="COMPLEXITY" missed="1" covered="0"/>
                <counter type="METHOD" missed="1" covered="0"/>
            </method>
            <method name="toString" desc="()Ljava/lang/String;">
                <counter type="INSTRUCTION" missed="17" covered="0"/>
                <counter type="COMPLEXITY" missed="1" covered="0"/>
                <counter type="METHOD" missed="1" covered="0"/>
            </method>
            <method name="hashCode" desc="()I">
                <counter type="INSTRUCTION" missed="20" covered="0"/>
                <counter type="BRANCH" missed="4" covered="0"/>
                <counter type="COMPLEXITY" missed="3" covered="0"/>
                <counter type="METHOD" missed="1" covered="0"/>
            </method>
            <method name="equals" desc="(Ljava/lang/Object;)Z">
                <counter type="INSTRUCTION" missed="25" covered="0"/>
                <counter type="BRANCH" missed="8" covered="0"/>
                <counter type="COMPLEXITY" missed="5" covered="0"/>
                <counter type="METHOD" missed="1" covered="0"/>
            </method>
            <counter type="INSTRUCTION" missed="95" covered="6"/>
            <counter type="BRANCH" missed="12" covered="0"/>
            <counter type="LINE" missed="1" covered="2"/>
            <counter type="COMPLEXITY" missed="13" covered="2"/>
            <counter type="METHOD" missed="7" covered="2"/>
            <counter type="CLASS" missed="0" covered="1"/>
        </class>
        <class name="com/example/weather/data/WeatherData$Current">
            <method name="isDay" desc="()I" line="43">
                <counter type="INSTRUCTION" missed="3" covered="0"/>
                <counter type="LINE" missed="1" covered="0"/>
                <counter type="COMPLEXITY" missed="1" covered="0"/>
                <counter type="METHOD" missed="1" covered="0"/>
            </method>
            <method name="getLastUpdated" desc="()Ljava/lang/String;" line="45">
                <counter type="INSTRUCTION" missed="3" covered="0"/>
                <counter type="LINE" missed="1" covered="0"/>
                <counter type="COMPLEXITY" missed="1" covered="0"/>
                <counter type="METHOD" missed="1" covered="0"/>
            </method>
            <method name="getTemperature" desc="()D" line="47">
                <counter type="INSTRUCTION" missed="0" covered="3"/>
                <counter type="LINE" missed="0" covered="1"/>
                <counter type="COMPLEXITY" missed="0" covered="1"/>
                <counter type="METHOD" missed="0" covered="1"/>
            </method>
            <method name="&lt;init&gt;" desc="(ILjava/lang/String;D)V" line="41">
                <counter type="INSTRUCTION" missed="15" covered="0"/>
                <counter type="LINE" missed="1" covered="0"/>
                <counter type="COMPLEXITY" missed="1" covered="0"/>
                <counter type="METHOD" missed="1" covered="0"/>
            </method>
            <method name="component1" desc="()I">
                <counter type="INSTRUCTION" missed="3" covered="0"/>
                <counter type="COMPLEXITY" missed="1" covered="0"/>
                <counter type="METHOD" missed="1" covered="0"/>
            </method>
            <method name="component2" desc="()Ljava/lang/String;">
                <counter type="INSTRUCTION" missed="3" covered="0"/>
                <counter type="COMPLEXITY" missed="1" covered="0"/>
                <counter type="METHOD" missed="1" covered="0"/>
            </method>
            <method name="component3" desc="()D">
                <counter type="INSTRUCTION" missed="3" covered="0"/>
                <counter type="COMPLEXITY" missed="1" covered="0"/>
                <counter type="METHOD" missed="1" covered="0"/>
            </method>
            <method name="copy" desc="(ILjava/lang/String;D)Lcom/example/weather/data/WeatherData$Current;">
                <counter type="INSTRUCTION" missed="10" covered="0"/>
                <counter type="COMPLEXITY" missed="1" covered="0"/>
                <counter type="METHOD" missed="1" covered="0"/>
            </method>
            <method name="toString" desc="()Ljava/lang/String;">
                <counter type="INSTRUCTION" missed="22" covered="0"/>
                <counter type="COMPLEXITY" missed="1" covered="0"/>
                <counter type="METHOD" missed="1" covered="0"/>
            </method>
            <method name="hashCode" desc="()I">
                <counter type="INSTRUCTION" missed="25" covered="0"/>
                <counter type="BRANCH" missed="2" covered="0"/>
                <counter type="COMPLEXITY" missed="2" covered="0"/>
                <counter type="METHOD" missed="1" covered="0"/>
            </method>
            <method name="equals" desc="(Ljava/lang/Object;)Z">
                <counter type="INSTRUCTION" missed="34" covered="0"/>
                <counter type="BRANCH" missed="12" covered="0"/>
                <counter type="COMPLEXITY" missed="7" covered="0"/>
                <counter type="METHOD" missed="1" covered="0"/>
            </method>
            <counter type="INSTRUCTION" missed="121" covered="3"/>
            <counter type="BRANCH" missed="14" covered="0"/>
            <counter type="LINE" missed="3" covered="1"/>
            <counter type="COMPLEXITY" missed="17" covered="1"/>
            <counter type="METHOD" missed="10" covered="1"/>
            <counter type="CLASS" missed="0" covered="1"/>
        </class>
        <class name="com/example/weather/data/WeatherData">
            <method name="getCurrent" desc="()Lcom/example/weather/data/WeatherData$Current;" line="7">
                <counter type="INSTRUCTION" missed="0" covered="3"/>
                <counter type="LINE" missed="0" covered="1"/>
                <counter type="COMPLEXITY" missed="0" covered="1"/>
                <counter type="METHOD" missed="0" covered="1"/>
            </method>
            <method name="getForecast" desc="()Lcom/example/weather/data/WeatherData$Forecast;" line="9">
                <counter type="INSTRUCTION" missed="0" covered="3"/>
                <counter type="LINE" missed="0" covered="1"/>
                <counter type="COMPLEXITY" missed="0" covered="1"/>
                <counter type="METHOD" missed="0" covered="1"/>
            </method>
            <method name="getLocation" desc="()Lcom/example/weather/data/WeatherData$Location;" line="11">
                <counter type="INSTRUCTION" missed="0" covered="3"/>
                <counter type="LINE" missed="0" covered="1"/>
                <counter type="COMPLEXITY" missed="0" covered="1"/>
                <counter type="METHOD" missed="0" covered="1"/>
            </method>
            <method name="&lt;init&gt;"
                    desc="(Lcom/example/weather/data/WeatherData$Current;Lcom/example/weather/data/WeatherData$Forecast;Lcom/example/weather/data/WeatherData$Location;)V"
                    line="5">
                <counter type="INSTRUCTION" missed="21" covered="0"/>
                <counter type="LINE" missed="1" covered="0"/>
                <counter type="COMPLEXITY" missed="1" covered="0"/>
                <counter type="METHOD" missed="1" covered="0"/>
            </method>
            <method name="component1" desc="()Lcom/example/weather/data/WeatherData$Current;">
                <counter type="INSTRUCTION" missed="3" covered="0"/>
                <counter type="COMPLEXITY" missed="1" covered="0"/>
                <counter type="METHOD" missed="1" covered="0"/>
            </method>
            <method name="component2" desc="()Lcom/example/weather/data/WeatherData$Forecast;">
                <counter type="INSTRUCTION" missed="3" covered="0"/>
                <counter type="COMPLEXITY" missed="1" covered="0"/>
                <counter type="METHOD" missed="1" covered="0"/>
            </method>
            <method name="component3" desc="()Lcom/example/weather/data/WeatherData$Location;">
                <counter type="INSTRUCTION" missed="3" covered="0"/>
                <counter type="COMPLEXITY" missed="1" covered="0"/>
                <counter type="METHOD" missed="1" covered="0"/>
            </method>
            <method name="copy"
                    desc="(Lcom/example/weather/data/WeatherData$Current;Lcom/example/weather/data/WeatherData$Forecast;Lcom/example/weather/data/WeatherData$Location;)Lcom/example/weather/data/WeatherData;">
                <counter type="INSTRUCTION" missed="16" covered="0"/>
                <counter type="COMPLEXITY" missed="1" covered="0"/>
                <counter type="METHOD" missed="1" covered="0"/>
            </method>
            <method name="toString" desc="()Ljava/lang/String;">
                <counter type="INSTRUCTION" missed="22" covered="0"/>
                <counter type="COMPLEXITY" missed="1" covered="0"/>
                <counter type="METHOD" missed="1" covered="0"/>
            </method>
            <method name="hashCode" desc="()I">
                <counter type="INSTRUCTION" missed="31" covered="0"/>
                <counter type="BRANCH" missed="6" covered="0"/>
                <counter type="COMPLEXITY" missed="4" covered="0"/>
                <counter type="METHOD" missed="1" covered="0"/>
            </method>
            <method name="equals" desc="(Ljava/lang/Object;)Z">
                <counter type="INSTRUCTION" missed="31" covered="0"/>
                <counter type="BRANCH" missed="10" covered="0"/>
                <counter type="COMPLEXITY" missed="6" covered="0"/>
                <counter type="METHOD" missed="1" covered="0"/>
            </method>
            <counter type="INSTRUCTION" missed="130" covered="9"/>
            <counter type="BRANCH" missed="16" covered="0"/>
            <counter type="LINE" missed="1" covered="3"/>
            <counter type="COMPLEXITY" missed="16" covered="3"/>
            <counter type="METHOD" missed="8" covered="3"/>
            <counter type="CLASS" missed="0" covered="1"/>
        </class>
        <class name="com/example/weather/data/WeatherData$Day">
            <method name="getAvgTemperature" desc="()D" line="52">
                <counter type="INSTRUCTION" missed="0" covered="3"/>
                <counter type="LINE" missed="0" covered="1"/>
                <counter type="COMPLEXITY" missed="0" covered="1"/>
                <counter type="METHOD" missed="0" covered="1"/>
            </method>
            <method name="&lt;init&gt;" desc="(D)V" line="50">
                <counter type="INSTRUCTION" missed="6" covered="0"/>
                <counter type="LINE" missed="1" covered="0"/>
                <counter type="COMPLEXITY" missed="1" covered="0"/>
                <counter type="METHOD" missed="1" covered="0"/>
            </method>
            <method name="component1" desc="()D">
                <counter type="INSTRUCTION" missed="3" covered="0"/>
                <counter type="COMPLEXITY" missed="1" covered="0"/>
                <counter type="METHOD" missed="1" covered="0"/>
            </method>
            <method name="copy" desc="(D)Lcom/example/weather/data/WeatherData$Day;">
                <counter type="INSTRUCTION" missed="5" covered="0"/>
                <counter type="COMPLEXITY" missed="1" covered="0"/>
                <counter type="METHOD" missed="1" covered="0"/>
            </method>
            <method name="toString" desc="()Ljava/lang/String;">
                <counter type="INSTRUCTION" missed="12" covered="0"/>
                <counter type="COMPLEXITY" missed="1" covered="0"/>
                <counter type="METHOD" missed="1" covered="0"/>
            </method>
            <method name="hashCode" desc="()I">
                <counter type="INSTRUCTION" missed="9" covered="0"/>
                <counter type="COMPLEXITY" missed="1" covered="0"/>
                <counter type="METHOD" missed="1" covered="0"/>
            </method>
            <method name="equals" desc="(Ljava/lang/Object;)Z">
                <counter type="INSTRUCTION" missed="19" covered="0"/>
                <counter type="BRANCH" missed="6" covered="0"/>
                <counter type="COMPLEXITY" missed="4" covered="0"/>
                <counter type="METHOD" missed="1" covered="0"/>
            </method>
            <counter type="INSTRUCTION" missed="54" covered="3"/>
            <counter type="BRANCH" missed="6" covered="0"/>
            <counter type="LINE" missed="1" covered="1"/>
            <counter type="COMPLEXITY" missed="9" covered="1"/>
            <counter type="METHOD" missed="6" covered="1"/>
            <counter type="CLASS" missed="0" covered="1"/>
        </class>
        <class name="com/example/weather/data/WeatherRepository">
            <method name="getForecast" desc="(Ljava/lang/String;)Lio/reactivex/Single;" line="9">
                <counter type="INSTRUCTION" missed="19" covered="0"/>
                <counter type="LINE" missed="3" covered="0"/>
                <counter type="COMPLEXITY" missed="1" covered="0"/>
                <counter type="METHOD" missed="1" covered="0"/>
            </method>
            <method name="&lt;init&gt;" desc="(Lcom/example/weather/data/WeatherApi;)V" line="7">
                <counter type="INSTRUCTION" missed="9" covered="0"/>
                <counter type="LINE" missed="1" covered="0"/>
                <counter type="COMPLEXITY" missed="1" covered="0"/>
                <counter type="METHOD" missed="1" covered="0"/>
            </method>
            <counter type="INSTRUCTION" missed="28" covered="0"/>
            <counter type="LINE" missed="4" covered="0"/>
            <counter type="COMPLEXITY" missed="2" covered="0"/>
            <counter type="METHOD" missed="2" covered="0"/>
            <counter type="CLASS" missed="1" covered="0"/>
        </class>
        <sourcefile name="WeatherData.kt">
            <line nr="5" mi="12" ci="0" mb="0" cb="0"/>
            <line nr="7" mi="0" ci="3" mb="0" cb="0"/>
            <line nr="9" mi="0" ci="3" mb="0" cb="0"/>
            <line nr="11" mi="0" ci="3" mb="0" cb="0"/>
            <line nr="14" mi="18" ci="0" mb="0" cb="0"/>
            <line nr="16" mi="3" ci="0" mb="0" cb="0"/>
            <line nr="18" mi="3" ci="0" mb="0" cb="0"/>
            <line nr="20" mi="3" ci="0" mb="0" cb="0"/>
            <line nr="22" mi="0" ci="3" mb="0" cb="0"/>
            <line nr="24" mi="3" ci="0" mb="0" cb="0"/>
            <line nr="28" mi="6" ci="0" mb="0" cb="0"/>
            <line nr="30" mi="0" ci="3" mb="0" cb="0"/>
            <line nr="33" mi="9" ci="0" mb="0" cb="0"/>
            <line nr="35" mi="0" ci="3" mb="0" cb="0"/>
            <line nr="37" mi="0" ci="3" mb="0" cb="0"/>
            <line nr="41" mi="12" ci="0" mb="0" cb="0"/>
            <line nr="43" mi="3" ci="0" mb="0" cb="0"/>
            <line nr="45" mi="3" ci="0" mb="0" cb="0"/>
            <line nr="47" mi="0" ci="3" mb="0" cb="0"/>
            <line nr="50" mi="6" ci="0" mb="0" cb="0"/>
            <line nr="52" mi="0" ci="3" mb="0" cb="0"/>
            <counter type="INSTRUCTION" missed="660" covered="27"/>
            <counter type="BRANCH" missed="76" covered="0"/>
            <counter type="LINE" missed="12" covered="9"/>
            <counter type="COMPLEXITY" missed="89" covered="9"/>
            <counter type="METHOD" missed="51" covered="9"/>
            <counter type="CLASS" missed="0" covered="6"/>
        </sourcefile>
        <sourcefile name="WeatherRepository.kt">
            <line nr="7" mi="6" ci="0" mb="0" cb="0"/>
            <line nr="9" mi="8" ci="0" mb="0" cb="0"/>
            <line nr="10" mi="2" ci="0" mb="0" cb="0"/>
            <line nr="11" mi="6" ci="0" mb="0" cb="0"/>
            <counter type="INSTRUCTION" missed="28" covered="0"/>
            <counter type="LINE" missed="4" covered="0"/>
            <counter type="COMPLEXITY" missed="2" covered="0"/>
            <counter type="METHOD" missed="2" covered="0"/>
            <counter type="CLASS" missed="1" covered="0"/>
        </sourcefile>
        <counter type="INSTRUCTION" missed="688" covered="27"/>
        <counter type="BRANCH" missed="76" covered="0"/>
        <counter type="LINE" missed="16" covered="9"/>
        <counter type="COMPLEXITY" missed="91" covered="9"/>
        <counter type="METHOD" missed="53" covered="9"/>
        <counter type="CLASS" missed="1" covered="6"/>
    </package>
    <package name="com/example/weather/view">
        <class name="com/example/weather/view/MainActivity$onRetryClicked$1">
            <method name="&lt;init&gt;" desc="(Lcom/example/weather/view/MainActivity;)V">
                <counter type="INSTRUCTION" missed="4" covered="0"/>
                <counter type="COMPLEXITY" missed="1" covered="0"/>
                <counter type="METHOD" missed="1" covered="0"/>
            </method>
            <method name="getName" desc="()Ljava/lang/String;">
                <counter type="INSTRUCTION" missed="2" covered="0"/>
                <counter type="COMPLEXITY" missed="1" covered="0"/>
                <counter type="METHOD" missed="1" covered="0"/>
            </method>
            <method name="getSignature" desc="()Ljava/lang/String;">
                <counter type="INSTRUCTION" missed="2" covered="0"/>
                <counter type="COMPLEXITY" missed="1" covered="0"/>
                <counter type="METHOD" missed="1" covered="0"/>
            </method>
            <method name="getOwner" desc="()Lkotlin/reflect/KDeclarationContainer;">
                <counter type="INSTRUCTION" missed="3" covered="0"/>
                <counter type="COMPLEXITY" missed="1" covered="0"/>
                <counter type="METHOD" missed="1" covered="0"/>
            </method>
            <method name="get" desc="()Ljava/lang/Object;" line="137">
                <counter type="INSTRUCTION" missed="5" covered="0"/>
                <counter type="LINE" missed="1" covered="0"/>
                <counter type="COMPLEXITY" missed="1" covered="0"/>
                <counter type="METHOD" missed="1" covered="0"/>
            </method>
            <method name="set" desc="(Ljava/lang/Object;)V" line="137">
                <counter type="INSTRUCTION" missed="7" covered="0"/>
                <counter type="LINE" missed="1" covered="0"/>
                <counter type="COMPLEXITY" missed="1" covered="0"/>
                <counter type="METHOD" missed="1" covered="0"/>
            </method>
            <counter type="INSTRUCTION" missed="23" covered="0"/>
            <counter type="LINE" missed="1" covered="0"/>
            <counter type="COMPLEXITY" missed="6" covered="0"/>
            <counter type="METHOD" missed="6" covered="0"/>
            <counter type="CLASS" missed="1" covered="0"/>
        </class>
        <class name="com/example/weather/view/MainActivity$onStop$1">
            <method name="&lt;init&gt;" desc="(Lcom/example/weather/view/MainActivity;)V">
                <counter type="INSTRUCTION" missed="4" covered="0"/>
                <counter type="COMPLEXITY" missed="1" covered="0"/>
                <counter type="METHOD" missed="1" covered="0"/>
            </method>
            <method name="getName" desc="()Ljava/lang/String;">
                <counter type="INSTRUCTION" missed="2" covered="0"/>
                <counter type="COMPLEXITY" missed="1" covered="0"/>
                <counter type="METHOD" missed="1" covered="0"/>
            </method>
            <method name="getSignature" desc="()Ljava/lang/String;">
                <counter type="INSTRUCTION" missed="2" covered="0"/>
                <counter type="COMPLEXITY" missed="1" covered="0"/>
                <counter type="METHOD" missed="1" covered="0"/>
            </method>
            <method name="getOwner" desc="()Lkotlin/reflect/KDeclarationContainer;">
                <counter type="INSTRUCTION" missed="3" covered="0"/>
                <counter type="COMPLEXITY" missed="1" covered="0"/>
                <counter type="METHOD" missed="1" covered="0"/>
            </method>
            <method name="get" desc="()Ljava/lang/Object;" line="111">
                <counter type="INSTRUCTION" missed="5" covered="0"/>
                <counter type="LINE" missed="1" covered="0"/>
                <counter type="COMPLEXITY" missed="1" covered="0"/>
                <counter type="METHOD" missed="1" covered="0"/>
            </method>
            <method name="set" desc="(Ljava/lang/Object;)V" line="111">
                <counter type="INSTRUCTION" missed="7" covered="0"/>
                <counter type="LINE" missed="1" covered="0"/>
                <counter type="COMPLEXITY" missed="1" covered="0"/>
                <counter type="METHOD" missed="1" covered="0"/>
            </method>
            <counter type="INSTRUCTION" missed="23" covered="0"/>
            <counter type="LINE" missed="1" covered="0"/>
            <counter type="COMPLEXITY" missed="6" covered="0"/>
            <counter type="METHOD" missed="6" covered="0"/>
            <counter type="CLASS" missed="1" covered="0"/>
        </class>
        <class name="com/example/weather/view/SimpleRecyclerViewAdapter">
            <method name="getData" desc="()Ljava/util/List;" line="11">
                <counter type="INSTRUCTION" missed="7" covered="0"/>
                <counter type="BRANCH" missed="2" covered="0"/>
                <counter type="LINE" missed="1" covered="0"/>
                <counter type="COMPLEXITY" missed="2" covered="0"/>
                <counter type="METHOD" missed="1" covered="0"/>
            </method>
            <method name="setData" desc="(Ljava/util/List;)V" line="11">
                <counter type="INSTRUCTION" missed="7" covered="0"/>
                <counter type="LINE" missed="1" covered="0"/>
                <counter type="COMPLEXITY" missed="1" covered="0"/>
                <counter type="METHOD" missed="1" covered="0"/>
            </method>
            <method name="onCreateViewHolder"
                    desc="(Landroid/view/ViewGroup;I)Lcom/example/weather/view/ForecastViewHolder;" line="14">
                <counter type="INSTRUCTION" missed="17" covered="0"/>
                <counter type="LINE" missed="6" covered="0"/>
                <counter type="COMPLEXITY" missed="1" covered="0"/>
                <counter type="METHOD" missed="1" covered="0"/>
            </method>
            <method name="getItemCount" desc="()I" line="22">
                <counter type="INSTRUCTION" missed="14" covered="0"/>
                <counter type="BRANCH" missed="4" covered="0"/>
                <counter type="LINE" missed="1" covered="0"/>
                <counter type="COMPLEXITY" missed="3" covered="0"/>
                <counter type="METHOD" missed="1" covered="0"/>
            </method>
            <method name="onBindViewHolder" desc="(Lcom/example/weather/view/ForecastViewHolder;I)V" line="26">
                <counter type="INSTRUCTION" missed="15" covered="0"/>
                <counter type="BRANCH" missed="2" covered="0"/>
                <counter type="LINE" missed="2" covered="0"/>
                <counter type="COMPLEXITY" missed="2" covered="0"/>
                <counter type="METHOD" missed="1" covered="0"/>
            </method>
            <method name="updateData" desc="(Ljava/util/List;)V" line="30">
                <counter type="INSTRUCTION" missed="9" covered="0"/>
                <counter type="LINE" missed="3" covered="0"/>
                <counter type="COMPLEXITY" missed="1" covered="0"/>
                <counter type="METHOD" missed="1" covered="0"/>
            </method>
            <method name="&lt;init&gt;" desc="()V" line="9">
                <counter type="INSTRUCTION" missed="3" covered="0"/>
                <counter type="LINE" missed="1" covered="0"/>
                <counter type="COMPLEXITY" missed="1" covered="0"/>
                <counter type="METHOD" missed="1" covered="0"/>
            </method>
            <counter type="INSTRUCTION" missed="72" covered="0"/>
            <counter type="BRANCH" missed="8" covered="0"/>
            <counter type="LINE" missed="14" covered="0"/>
            <counter type="COMPLEXITY" missed="11" covered="0"/>
            <counter type="METHOD" missed="7" covered="0"/>
            <counter type="CLASS" missed="1" covered="0"/>
        </class>
        <class name="com/example/weather/view/MainActivity$onCreate$$inlined$apply$lambda$1">
            <method name="&lt;init&gt;" desc="(Lcom/example/weather/view/MainActivity;)V">
                <counter type="INSTRUCTION" missed="6" covered="0"/>
                <counter type="COMPLEXITY" missed="1" covered="0"/>
                <counter type="METHOD" missed="1" covered="0"/>
            </method>
            <method name="onClick" desc="(Landroid/view/View;)V" line="73">
                <counter type="INSTRUCTION" missed="4" covered="0"/>
                <counter type="LINE" missed="2" covered="0"/>
                <counter type="COMPLEXITY" missed="1" covered="0"/>
                <counter type="METHOD" missed="1" covered="0"/>
            </method>
            <counter type="INSTRUCTION" missed="10" covered="0"/>
            <counter type="LINE" missed="2" covered="0"/>
            <counter type="COMPLEXITY" missed="2" covered="0"/>
            <counter type="METHOD" missed="2" covered="0"/>
            <counter type="CLASS" missed="1" covered="0"/>
        </class>
        <class name="com/example/weather/view/MainActivity$onCreate$$inlined$apply$lambda$2">
            <method name="&lt;init&gt;"
                    desc="(Lcom/example/weather/view/SimpleRecyclerViewAdapter;Lcom/example/weather/view/MainActivity;)V">
                <counter type="INSTRUCTION" missed="9" covered="0"/>
                <counter type="COMPLEXITY" missed="1" covered="0"/>
                <counter type="METHOD" missed="1" covered="0"/>
            </method>
            <method name="onChanged" desc="(Ljava/util/List;)V" line="77">
                <counter type="INSTRUCTION" missed="8" covered="0"/>
                <counter type="LINE" missed="2" covered="0"/>
                <counter type="COMPLEXITY" missed="1" covered="0"/>
                <counter type="METHOD" missed="1" covered="0"/>
            </method>
            <counter type="INSTRUCTION" missed="17" covered="0"/>
            <counter type="LINE" missed="2" covered="0"/>
            <counter type="COMPLEXITY" missed="2" covered="0"/>
            <counter type="METHOD" missed="2" covered="0"/>
            <counter type="CLASS" missed="1" covered="0"/>
        </class>
        <class name="com/example/weather/view/MainActivity$onSubscribe$1">
            <method name="&lt;init&gt;" desc="(Lcom/example/weather/view/MainActivity;)V">
                <counter type="INSTRUCTION" missed="4" covered="0"/>
                <counter type="COMPLEXITY" missed="1" covered="0"/>
                <counter type="METHOD" missed="1" covered="0"/>
            </method>
            <method name="getName" desc="()Ljava/lang/String;">
                <counter type="INSTRUCTION" missed="2" covered="0"/>
                <counter type="COMPLEXITY" missed="1" covered="0"/>
                <counter type="METHOD" missed="1" covered="0"/>
            </method>
            <method name="getSignature" desc="()Ljava/lang/String;">
                <counter type="INSTRUCTION" missed="2" covered="0"/>
                <counter type="COMPLEXITY" missed="1" covered="0"/>
                <counter type="METHOD" missed="1" covered="0"/>
            </method>
            <method name="getOwner" desc="()Lkotlin/reflect/KDeclarationContainer;">
                <counter type="INSTRUCTION" missed="3" covered="0"/>
                <counter type="COMPLEXITY" missed="1" covered="0"/>
                <counter type="METHOD" missed="1" covered="0"/>
            </method>
            <method name="get" desc="()Ljava/lang/Object;" line="99">
                <counter type="INSTRUCTION" missed="5" covered="0"/>
                <counter type="LINE" missed="1" covered="0"/>
                <counter type="COMPLEXITY" missed="1" covered="0"/>
                <counter type="METHOD" missed="1" covered="0"/>
            </method>
            <method name="set" desc="(Ljava/lang/Object;)V" line="99">
                <counter type="INSTRUCTION" missed="7" covered="0"/>
                <counter type="LINE" missed="1" covered="0"/>
                <counter type="COMPLEXITY" missed="1" covered="0"/>
                <counter type="METHOD" missed="1" covered="0"/>
            </method>
            <counter type="INSTRUCTION" missed="23" covered="0"/>
            <counter type="LINE" missed="1" covered="0"/>
            <counter type="COMPLEXITY" missed="6" covered="0"/>
            <counter type="METHOD" missed="6" covered="0"/>
            <counter type="CLASS" missed="1" covered="0"/>
        </class>
        <class name="com/example/weather/view/ForecastViewHolder">
            <method name="onBind" desc="(Lcom/example/weather/viewmodel/WeatherViewModel$ForecastViewObject;)V"
                    line="13">
                <counter type="INSTRUCTION" missed="22" covered="0"/>
                <counter type="LINE" missed="3" covered="0"/>
                <counter type="COMPLEXITY" missed="1" covered="0"/>
                <counter type="METHOD" missed="1" covered="0"/>
            </method>
            <method name="&lt;init&gt;" desc="(Landroid/view/View;)V" line="8">
                <counter type="INSTRUCTION" missed="19" covered="0"/>
                <counter type="LINE" missed="3" covered="0"/>
                <counter type="COMPLEXITY" missed="1" covered="0"/>
                <counter type="METHOD" missed="1" covered="0"/>
            </method>
            <counter type="INSTRUCTION" missed="41" covered="0"/>
            <counter type="LINE" missed="6" covered="0"/>
            <counter type="COMPLEXITY" missed="2" covered="0"/>
            <counter type="METHOD" missed="2" covered="0"/>
            <counter type="CLASS" missed="1" covered="0"/>
        </class>
        <class name="com/example/weather/view/SimpleRecyclerViewAdapter$getItemCount$1">
            <method name="&lt;init&gt;" desc="(Lcom/example/weather/view/SimpleRecyclerViewAdapter;)V">
                <counter type="INSTRUCTION" missed="4" covered="0"/>
                <counter type="COMPLEXITY" missed="1" covered="0"/>
                <counter type="METHOD" missed="1" covered="0"/>
            </method>
            <method name="getName" desc="()Ljava/lang/String;">
                <counter type="INSTRUCTION" missed="2" covered="0"/>
                <counter type="COMPLEXITY" missed="1" covered="0"/>
                <counter type="METHOD" missed="1" covered="0"/>
            </method>
            <method name="getSignature" desc="()Ljava/lang/String;">
                <counter type="INSTRUCTION" missed="2" covered="0"/>
                <counter type="COMPLEXITY" missed="1" covered="0"/>
                <counter type="METHOD" missed="1" covered="0"/>
            </method>
            <method name="getOwner" desc="()Lkotlin/reflect/KDeclarationContainer;">
                <counter type="INSTRUCTION" missed="3" covered="0"/>
                <counter type="COMPLEXITY" missed="1" covered="0"/>
                <counter type="METHOD" missed="1" covered="0"/>
            </method>
            <method name="get" desc="()Ljava/lang/Object;" line="22">
                <counter type="INSTRUCTION" missed="5" covered="0"/>
                <counter type="LINE" missed="1" covered="0"/>
                <counter type="COMPLEXITY" missed="1" covered="0"/>
                <counter type="METHOD" missed="1" covered="0"/>
            </method>
            <method name="set" desc="(Ljava/lang/Object;)V" line="22">
                <counter type="INSTRUCTION" missed="7" covered="0"/>
                <counter type="LINE" missed="1" covered="0"/>
                <counter type="COMPLEXITY" missed="1" covered="0"/>
                <counter type="METHOD" missed="1" covered="0"/>
            </method>
            <counter type="INSTRUCTION" missed="23" covered="0"/>
            <counter type="LINE" missed="1" covered="0"/>
            <counter type="COMPLEXITY" missed="6" covered="0"/>
            <counter type="METHOD" missed="6" covered="0"/>
            <counter type="CLASS" missed="1" covered="0"/>
        </class>
        <class name="com/example/weather/view/MainActivity">
            <method name="getViewModelFactory" desc="()Lcom/example/weather/utils/ViewModelFactory;" line="38">
                <counter type="INSTRUCTION" missed="7" covered="0"/>
                <counter type="BRANCH" missed="2" covered="0"/>
                <counter type="LINE" missed="1" covered="0"/>
                <counter type="COMPLEXITY" missed="2" covered="0"/>
                <counter type="METHOD" missed="1" covered="0"/>
            </method>
            <method name="setViewModelFactory" desc="(Lcom/example/weather/utils/ViewModelFactory;)V" line="38">
                <counter type="INSTRUCTION" missed="7" covered="0"/>
                <counter type="LINE" missed="1" covered="0"/>
                <counter type="COMPLEXITY" missed="1" covered="0"/>
                <counter type="METHOD" missed="1" covered="0"/>
            </method>
            <method name="getWeatherViewModel" desc="()Lcom/example/weather/viewmodel/WeatherViewModel;" line="40">
                <counter type="INSTRUCTION" missed="7" covered="0"/>
                <counter type="BRANCH" missed="2" covered="0"/>
                <counter type="LINE" missed="1" covered="0"/>
                <counter type="COMPLEXITY" missed="2" covered="0"/>
                <counter type="METHOD" missed="1" covered="0"/>
            </method>
            <method name="setWeatherViewModel" desc="(Lcom/example/weather/viewmodel/WeatherViewModel;)V" line="40">
                <counter type="INSTRUCTION" missed="7" covered="0"/>
                <counter type="LINE" missed="1" covered="0"/>
                <counter type="COMPLEXITY" missed="1" covered="0"/>
                <counter type="METHOD" missed="1" covered="0"/>
            </method>
            <method name="getCompositeDisposable" desc="()Lio/reactivex/disposables/CompositeDisposable;" line="42">
                <counter type="INSTRUCTION" missed="7" covered="0"/>
                <counter type="BRANCH" missed="2" covered="0"/>
                <counter type="LINE" missed="1" covered="0"/>
                <counter type="COMPLEXITY" missed="2" covered="0"/>
                <counter type="METHOD" missed="1" covered="0"/>
            </method>
            <method name="setCompositeDisposable" desc="(Lio/reactivex/disposables/CompositeDisposable;)V" line="42">
                <counter type="INSTRUCTION" missed="7" covered="0"/>
                <counter type="LINE" missed="1" covered="0"/>
                <counter type="COMPLEXITY" missed="1" covered="0"/>
                <counter type="METHOD" missed="1" covered="0"/>
            </method>
            <method name="getLoader" desc="()Landroid/widget/ImageView;" line="43">
                <counter type="INSTRUCTION" missed="7" covered="0"/>
                <counter type="BRANCH" missed="2" covered="0"/>
                <counter type="LINE" missed="1" covered="0"/>
                <counter type="COMPLEXITY" missed="2" covered="0"/>
                <counter type="METHOD" missed="1" covered="0"/>
            </method>
            <method name="setLoader" desc="(Landroid/widget/ImageView;)V" line="43">
                <counter type="INSTRUCTION" missed="7" covered="0"/>
                <counter type="LINE" missed="1" covered="0"/>
                <counter type="COMPLEXITY" missed="1" covered="0"/>
                <counter type="METHOD" missed="1" covered="0"/>
            </method>
            <method name="getForecastView" desc="()Landroid/view/View;" line="44">
                <counter type="INSTRUCTION" missed="7" covered="0"/>
                <counter type="BRANCH" missed="2" covered="0"/>
                <counter type="LINE" missed="1" covered="0"/>
                <counter type="COMPLEXITY" missed="2" covered="0"/>
                <counter type="METHOD" missed="1" covered="0"/>
            </method>
            <method name="setForecastView" desc="(Landroid/view/View;)V" line="44">
                <counter type="INSTRUCTION" missed="7" covered="0"/>
                <counter type="LINE" missed="1" covered="0"/>
                <counter type="COMPLEXITY" missed="1" covered="0"/>
                <counter type="METHOD" missed="1" covered="0"/>
            </method>
            <method name="getLocationString" desc="()Ljava/lang/String;" line="45">
                <counter type="INSTRUCTION" missed="7" covered="0"/>
                <counter type="BRANCH" missed="2" covered="0"/>
                <counter type="LINE" missed="1" covered="0"/>
                <counter type="COMPLEXITY" missed="2" covered="0"/>
                <counter type="METHOD" missed="1" covered="0"/>
            </method>
            <method name="setLocationString" desc="(Ljava/lang/String;)V" line="45">
                <counter type="INSTRUCTION" missed="7" covered="0"/>
                <counter type="LINE" missed="1" covered="0"/>
                <counter type="COMPLEXITY" missed="1" covered="0"/>
                <counter type="METHOD" missed="1" covered="0"/>
            </method>
            <method name="onCreate" desc="(Landroid/os/Bundle;)V" line="54">
                <counter type="INSTRUCTION" missed="177" covered="0"/>
                <counter type="BRANCH" missed="6" covered="0"/>
                <counter type="LINE" missed="24" covered="0"/>
                <counter type="COMPLEXITY" missed="4" covered="0"/>
                <counter type="METHOD" missed="1" covered="0"/>
            </method>
            <method name="onSuccess" desc="(Lcom/example/weather/data/WeatherData;)V" line="92">
                <counter type="INSTRUCTION" missed="32" covered="0"/>
                <counter type="BRANCH" missed="8" covered="0"/>
                <counter type="LINE" missed="4" covered="0"/>
                <counter type="COMPLEXITY" missed="5" covered="0"/>
                <counter type="METHOD" missed="1" covered="0"/>
            </method>
            <method name="onSubscribe" desc="(Lio/reactivex/disposables/Disposable;)V" line="98">
                <counter type="INSTRUCTION" missed="35" covered="0"/>
                <counter type="BRANCH" missed="8" covered="0"/>
                <counter type="LINE" missed="5" covered="0"/>
                <counter type="COMPLEXITY" missed="5" covered="0"/>
                <counter type="METHOD" missed="1" covered="0"/>
            </method>
            <method name="onError" desc="(Ljava/lang/Throwable;)V" line="106">
                <counter type="INSTRUCTION" missed="18" covered="0"/>
                <counter type="BRANCH" missed="4" covered="0"/>
                <counter type="LINE" missed="3" covered="0"/>
                <counter type="COMPLEXITY" missed="3" covered="0"/>
                <counter type="METHOD" missed="1" covered="0"/>
            </method>
            <method name="onStop" desc="()V" line="111">
                <counter type="INSTRUCTION" missed="14" covered="0"/>
                <counter type="BRANCH" missed="4" covered="0"/>
                <counter type="LINE" missed="4" covered="0"/>
                <counter type="COMPLEXITY" missed="3" covered="0"/>
                <counter type="METHOD" missed="1" covered="0"/>
            </method>
            <method name="getDeviceLocation" desc="()V" line="119">
                <counter type="INSTRUCTION" missed="49" covered="0"/>
                <counter type="BRANCH" missed="4" covered="0"/>
                <counter type="LINE" missed="11" covered="0"/>
                <counter type="COMPLEXITY" missed="3" covered="0"/>
                <counter type="METHOD" missed="1" covered="0"/>
            </method>
            <method name="onRetryClicked" desc="()V" line="137">
                <counter type="INSTRUCTION" missed="24" covered="0"/>
                <counter type="BRANCH" missed="6" covered="0"/>
                <counter type="LINE" missed="4" covered="0"/>
                <counter type="COMPLEXITY" missed="4" covered="0"/>
                <counter type="METHOD" missed="1" covered="0"/>
            </method>
            <method name="onRequestPermissionsResult" desc="(I[Ljava/lang/String;[I)V" line="145">
                <counter type="INSTRUCTION" missed="46" covered="0"/>
                <counter type="BRANCH" missed="12" covered="0"/>
                <counter type="LINE" missed="6" covered="0"/>
                <counter type="COMPLEXITY" missed="7" covered="0"/>
                <counter type="METHOD" missed="1" covered="0"/>
            </method>
            <method name="onConnected" desc="(Landroid/os/Bundle;)V" line="158">
                <counter type="INSTRUCTION" missed="3" covered="0"/>
                <counter type="LINE" missed="2" covered="0"/>
                <counter type="COMPLEXITY" missed="1" covered="0"/>
                <counter type="METHOD" missed="1" covered="0"/>
            </method>
            <method name="onConnectionSuspended" desc="(I)V" line="163">
                <counter type="INSTRUCTION" missed="1" covered="0"/>
                <counter type="LINE" missed="1" covered="0"/>
                <counter type="COMPLEXITY" missed="1" covered="0"/>
                <counter type="METHOD" missed="1" covered="0"/>
            </method>
            <method name="onLocationChanged" desc="(Landroid/location/Location;)V" line="166">
                <counter type="INSTRUCTION" missed="45" covered="0"/>
                <counter type="BRANCH" missed="6" covered="0"/>
                <counter type="LINE" missed="4" covered="0"/>
                <counter type="COMPLEXITY" missed="4" covered="0"/>
                <counter type="METHOD" missed="1" covered="0"/>
            </method>
            <method name="&lt;init&gt;" desc="()V" line="33">
                <counter type="INSTRUCTION" missed="6" covered="0"/>
                <counter type="LINE" missed="2" covered="0"/>
                <counter type="COMPLEXITY" missed="1" covered="0"/>
                <counter type="METHOD" missed="1" covered="0"/>
            </method>
            <method name="_$_findCachedViewById" desc="(I)Landroid/view/View;">
                <counter type="INSTRUCTION" missed="30" covered="0"/>
                <counter type="BRANCH" missed="4" covered="0"/>
                <counter type="COMPLEXITY" missed="3" covered="0"/>
                <counter type="METHOD" missed="1" covered="0"/>
            </method>
            <method name="_$_clearFindViewByIdCache" desc="()V">
                <counter type="INSTRUCTION" missed="7" covered="0"/>
                <counter type="BRANCH" missed="2" covered="0"/>
                <counter type="COMPLEXITY" missed="2" covered="0"/>
                <counter type="METHOD" missed="1" covered="0"/>
            </method>
            <counter type="INSTRUCTION" missed="571" covered="0"/>
            <counter type="BRANCH" missed="76" covered="0"/>
            <counter type="LINE" missed="76" covered="0"/>
            <counter type="COMPLEXITY" missed="64" covered="0"/>
            <counter type="METHOD" missed="26" covered="0"/>
            <counter type="CLASS" missed="1" covered="0"/>
        </class>
        <sourcefile name="SimpleRecyclerViewAdapter.kt">
            <line nr="9" mi="3" ci="0" mb="0" cb="0"/>
            <line nr="11" mi="11" ci="0" mb="2" cb="0"/>
            <line nr="14" mi="3" ci="0" mb="0" cb="0"/>
            <line nr="15" mi="7" ci="0" mb="0" cb="0"/>
            <line nr="16" mi="1" ci="0" mb="0" cb="0"/>
            <line nr="17" mi="1" ci="0" mb="0" cb="0"/>
            <line nr="18" mi="1" ci="0" mb="0" cb="0"/>
            <line nr="20" mi="1" ci="0" mb="0" cb="0"/>
            <line nr="22" mi="20" ci="0" mb="4" cb="0"/>
            <line nr="26" mi="11" ci="0" mb="2" cb="0"/>
            <line nr="27" mi="1" ci="0" mb="0" cb="0"/>
            <line nr="30" mi="3" ci="0" mb="0" cb="0"/>
            <line nr="31" mi="2" ci="0" mb="0" cb="0"/>
            <line nr="32" mi="1" ci="0" mb="0" cb="0"/>
            <counter type="INSTRUCTION" missed="95" covered="0"/>
            <counter type="BRANCH" missed="8" covered="0"/>
            <counter type="LINE" missed="14" covered="0"/>
            <counter type="COMPLEXITY" missed="17" covered="0"/>
            <counter type="METHOD" missed="13" covered="0"/>
            <counter type="CLASS" missed="2" covered="0"/>
        </sourcefile>
        <sourcefile name="ForecastViewHolder.kt">
            <line nr="8" mi="3" ci="0" mb="0" cb="0"/>
            <line nr="9" mi="6" ci="0" mb="0" cb="0"/>
            <line nr="10" mi="7" ci="0" mb="0" cb="0"/>
            <line nr="13" mi="9" ci="0" mb="0" cb="0"/>
            <line nr="14" mi="9" ci="0" mb="0" cb="0"/>
            <line nr="15" mi="1" ci="0" mb="0" cb="0"/>
            <counter type="INSTRUCTION" missed="41" covered="0"/>
            <counter type="LINE" missed="6" covered="0"/>
            <counter type="COMPLEXITY" missed="2" covered="0"/>
            <counter type="METHOD" missed="2" covered="0"/>
            <counter type="CLASS" missed="1" covered="0"/>
        </sourcefile>
        <sourcefile name="MainActivity.kt">
            <line nr="33" mi="2" ci="0" mb="0" cb="0"/>
            <line nr="38" mi="11" ci="0" mb="2" cb="0"/>
            <line nr="40" mi="11" ci="0" mb="2" cb="0"/>
            <line nr="42" mi="11" ci="0" mb="2" cb="0"/>
            <line nr="43" mi="11" ci="0" mb="2" cb="0"/>
            <line nr="44" mi="11" ci="0" mb="2" cb="0"/>
            <line nr="45" mi="11" ci="0" mb="2" cb="0"/>
            <line nr="49" mi="4" ci="0" mb="0" cb="0"/>
            <line nr="54" mi="3" ci="0" mb="0" cb="0"/>
            <line nr="55" mi="3" ci="0" mb="0" cb="0"/>
            <line nr="57" mi="5" ci="0" mb="0" cb="0"/>
            <line nr="58" mi="2" ci="0" mb="0" cb="0"/>
            <line nr="59" mi="9" ci="0" mb="0" cb="0"/>
            <line nr="60" mi="7" ci="0" mb="2" cb="0"/>
            <line nr="62" mi="18" ci="0" mb="2" cb="0"/>
            <line nr="64" mi="15" ci="0" mb="0" cb="0"/>
            <line nr="66" mi="4" ci="0" mb="0" cb="0"/>
            <line nr="68" mi="13" ci="0" mb="0" cb="0"/>
            <line nr="69" mi="4" ci="0" mb="0" cb="0"/>
            <line nr="70" mi="9" ci="0" mb="0" cb="0"/>
            <line nr="71" mi="1" ci="0" mb="0" cb="0"/>
            <line nr="72" mi="9" ci="0" mb="0" cb="0"/>
            <line nr="73" mi="3" ci="0" mb="0" cb="0"/>
            <line nr="74" mi="1" ci="0" mb="0" cb="0"/>
            <line nr="75" mi="22" ci="0" mb="2" cb="0"/>
            <line nr="76" mi="11" ci="0" mb="0" cb="0"/>
            <line nr="77" mi="7" ci="0" mb="0" cb="0"/>
            <line nr="78" mi="1" ci="0" mb="0" cb="0"/>
            <line nr="79" mi="1" ci="0" mb="0" cb="0"/>
            <line nr="80" mi="4" ci="0" mb="0" cb="0"/>
            <line nr="81" mi="7" ci="0" mb="0" cb="0"/>
            <line nr="82" mi="9" ci="0" mb="0" cb="0"/>
            <line nr="83" mi="2" ci="0" mb="0" cb="0"/>
            <line nr="85" mi="9" ci="0" mb="0" cb="0"/>
            <line nr="86" mi="9" ci="0" mb="0" cb="0"/>
            <line nr="89" mi="1" ci="0" mb="0" cb="0"/>
            <line nr="92" mi="7" ci="0" mb="2" cb="0"/>
            <line nr="93" mi="8" ci="0" mb="2" cb="0"/>
            <line nr="94" mi="13" ci="0" mb="4" cb="0"/>
            <line nr="95" mi="1" ci="0" mb="0" cb="0"/>
            <line nr="98" mi="13" ci="0" mb="4" cb="0"/>
            <line nr="99" mi="10" ci="0" mb="2" cb="0"/>
            <line nr="100" mi="5" ci="0" mb="0" cb="0"/>
            <line nr="102" mi="9" ci="0" mb="2" cb="0"/>
            <line nr="103" mi="1" ci="0" mb="0" cb="0"/>
            <line nr="106" mi="7" ci="0" mb="2" cb="0"/>
            <line nr="107" mi="7" ci="0" mb="2" cb="0"/>
            <line nr="108" mi="1" ci="0" mb="0" cb="0"/>
            <line nr="111" mi="10" ci="0" mb="2" cb="0"/>
            <line nr="112" mi="7" ci="0" mb="2" cb="0"/>
            <line nr="114" mi="2" ci="0" mb="0" cb="0"/>
            <line nr="115" mi="1" ci="0" mb="0" cb="0"/>
            <line nr="119" mi="5" ci="0" mb="2" cb="0"/>
            <line nr="122" mi="2" ci="0" mb="0" cb="0"/>
            <line nr="123" mi="2" ci="0" mb="0" cb="0"/>
            <line nr="124" mi="6" ci="0" mb="0" cb="0"/>
            <line nr="125" mi="2" ci="0" mb="0" cb="0"/>
            <line nr="128" mi="2" ci="0" mb="0" cb="0"/>
            <line nr="129" mi="8" ci="0" mb="0" cb="0"/>
            <line nr="130" mi="5" ci="0" mb="0" cb="0"/>
            <line nr="131" mi="4" ci="0" mb="0" cb="0"/>
            <line nr="132" mi="12" ci="0" mb="2" cb="0"/>
            <line nr="134" mi="1" ci="0" mb="0" cb="0"/>
            <line nr="137" mi="10" ci="0" mb="2" cb="0"/>
            <line nr="138" mi="17" ci="0" mb="4" cb="0"/>
            <line nr="140" mi="2" ci="0" mb="0" cb="0"/>
            <line nr="142" mi="1" ci="0" mb="0" cb="0"/>
            <line nr="145" mi="2" ci="0" mb="0" cb="0"/>
            <line nr="146" mi="4" ci="0" mb="2" cb="0"/>
            <line nr="147" mi="23" ci="0" mb="8" cb="0"/>
            <line nr="148" mi="3" ci="0" mb="0" cb="0"/>
            <line nr="150" mi="7" ci="0" mb="2" cb="0"/>
            <line nr="154" mi="1" ci="0" mb="0" cb="0"/>
            <line nr="158" mi="2" ci="0" mb="0" cb="0"/>
            <line nr="159" mi="1" ci="0" mb="0" cb="0"/>
            <line nr="163" mi="1" ci="0" mb="0" cb="0"/>
            <line nr="166" mi="14" ci="0" mb="0" cb="0"/>
            <line nr="167" mi="16" ci="0" mb="4" cb="0"/>
            <line nr="168" mi="11" ci="0" mb="2" cb="0"/>
            <line nr="169" mi="1" ci="0" mb="0" cb="0"/>
            <counter type="INSTRUCTION" missed="667" covered="0"/>
            <counter type="BRANCH" missed="76" covered="0"/>
            <counter type="LINE" missed="80" covered="0"/>
            <counter type="COMPLEXITY" missed="86" covered="0"/>
            <counter type="METHOD" missed="48" covered="0"/>
            <counter type="CLASS" missed="6" covered="0"/>
        </sourcefile>
        <counter type="INSTRUCTION" missed="803" covered="0"/>
        <counter type="BRANCH" missed="84" covered="0"/>
        <counter type="LINE" missed="100" covered="0"/>
        <counter type="COMPLEXITY" missed="105" covered="0"/>
        <counter type="METHOD" missed="63" covered="0"/>
        <counter type="CLASS" missed="9" covered="0"/>
    </package>
    <package name="com/example/weather/utils">
        <class name="com/example/weather/utils/ViewModelFactory">
            <method name="create" desc="(Ljava/lang/Class;)Landroidx/lifecycle/ViewModel;" line="31">
                <counter type="INSTRUCTION" missed="88" covered="0"/>
                <counter type="BRANCH" missed="12" covered="0"/>
                <counter type="LINE" missed="9" covered="0"/>
                <counter type="COMPLEXITY" missed="7" covered="0"/>
                <counter type="METHOD" missed="1" covered="0"/>
            </method>
            <method name="&lt;init&gt;" desc="(Ljava/util/Map;)V" line="27">
                <counter type="INSTRUCTION" missed="9" covered="0"/>
                <counter type="LINE" missed="1" covered="0"/>
                <counter type="COMPLEXITY" missed="1" covered="0"/>
                <counter type="METHOD" missed="1" covered="0"/>
            </method>
            <counter type="INSTRUCTION" missed="97" covered="0"/>
            <counter type="BRANCH" missed="12" covered="0"/>
            <counter type="LINE" missed="10" covered="0"/>
            <counter type="COMPLEXITY" missed="8" covered="0"/>
            <counter type="METHOD" missed="2" covered="0"/>
            <counter type="CLASS" missed="1" covered="0"/>
        </class>
        <sourcefile name="ViewModelFactory.kt">
            <line nr="27" mi="6" ci="0" mb="0" cb="0"/>
            <line nr="31" mi="17" ci="0" mb="2" cb="0"/>
            <line nr="32" mi="8" ci="0" mb="2" cb="0"/>
            <line nr="33" mi="13" ci="0" mb="0" cb="0"/>
            <line nr="34" mi="1" ci="0" mb="0" cb="0"/>
            <line nr="36" mi="11" ci="0" mb="2" cb="0"/>
            <line nr="37" mi="1" ci="0" mb="0" cb="0"/>
            <line nr="38" mi="7" ci="0" mb="0" cb="0"/>
            <line nr="43" mi="14" ci="0" mb="2" cb="0"/>
            <line nr="44" mi="13" ci="0" mb="4" cb="0"/>
            <counter type="INSTRUCTION" missed="97" covered="0"/>
            <counter type="BRANCH" missed="12" covered="0"/>
            <counter type="LINE" missed="10" covered="0"/>
            <counter type="COMPLEXITY" missed="8" covered="0"/>
            <counter type="METHOD" missed="2" covered="0"/>
            <counter type="CLASS" missed="1" covered="0"/>
        </sourcefile>
        <counter type="INSTRUCTION" missed="97" covered="0"/>
        <counter type="BRANCH" missed="12" covered="0"/>
        <counter type="LINE" missed="10" covered="0"/>
        <counter type="COMPLEXITY" missed="8" covered="0"/>
        <counter type="METHOD" missed="2" covered="0"/>
        <counter type="CLASS" missed="1" covered="0"/>
    </package>
    <counter type="INSTRUCTION" missed="2001" covered="332"/>
    <counter type="BRANCH" missed="217" covered="7"/>
    <counter type="LINE" missed="155" covered="43"/>
    <counter type="COMPLEXITY" missed="276" covered="27"/>
    <counter type="METHOD" missed="165" covered="26"/>
    <counter type="CLASS" missed="18" covered="10"/>
</report>